[debug] [2021-04-18T14:32:01.136Z] ----------------------------------------------------------------------
[debug] [2021-04-18T14:32:01.140Z] Command:       C:\Program Files\nodejs\node.exe C:\Users\Me\AppData\Roaming\npm\node_modules\firebase-tools\lib\bin\firebase.js init
[debug] [2021-04-18T14:32:01.141Z] CLI Version:   9.10.0
[debug] [2021-04-18T14:32:01.141Z] Platform:      win32
[debug] [2021-04-18T14:32:01.141Z] Node Version:  v14.15.3
[debug] [2021-04-18T14:32:01.142Z] Time:          Sun Apr 18 2021 20:32:01 GMT+0600 (Bangladesh Standard Time)
[debug] [2021-04-18T14:32:01.143Z] ----------------------------------------------------------------------
[debug] 
[warn] !  JSON error trying to load D:\cinema-app\.firebaserc 
[debug] [2021-04-18T14:32:01.168Z] > command requires scopes: ["email","openid","https://www.googleapis.com/auth/cloudplatformprojects.readonly","https://www.googleapis.com/auth/firebase","https://www.googleapis.com/auth/cloud-platform"]
[debug] [2021-04-18T14:32:01.168Z] > authorizing via signed-in user (mixankan9@gmail.com)
[info] 
     ######## #### ########  ######## ########     ###     ######  ########
     ##        ##  ##     ## ##       ##     ##  ##   ##  ##       ##
     ######    ##  ########  ######   ########  #########  ######  ######
     ##        ##  ##    ##  ##       ##     ## ##     ##       ## ##
     ##       #### ##     ## ######## ########  ##     ##  ######  ########

You're about to initialize a Firebase project in this directory:

  D:\cinema-app

Before we get started, keep in mind:

  * You are initializing in an existing Firebase project directory

[info] 
=== Project Setup
[info] 
[info] First, let's associate this project directory with a Firebase project.
[info] You can create multiple project aliases by running firebase use --add, 
[info] but for now we'll just set up a default project.
[info] 
[debug] [2021-04-18T14:32:06.336Z] >>> [apiv2][query] GET https://firebase.googleapis.com/v1beta1/projects/hosting [none]
[debug] [2021-04-18T14:32:06.869Z] <<< [apiv2][status] GET https://firebase.googleapis.com/v1beta1/projects/hosting 403
[debug] [2021-04-18T14:32:06.869Z] <<< [apiv2][body] GET https://firebase.googleapis.com/v1beta1/projects/hosting {"error":{"code":403,"message":"The caller does not have permission","status":"PERMISSION_DENIED"}}
[debug] [2021-04-18T14:32:06.871Z] HTTP Error: 403, The caller does not have permission
[debug] [2021-04-18T14:32:07.073Z] FirebaseError: HTTP Error: 403, The caller does not have permission
    at module.exports (C:\Users\Me\AppData\Roaming\npm\node_modules\firebase-tools\lib\responseToError.js:38:12)
    at Client.doRequest (C:\Users\Me\AppData\Roaming\npm\node_modules\firebase-tools\lib\apiv2.js:238:23)
    at processTicksAndRejections (internal/process/task_queues.js:93:5)
    at async Client.request (C:\Users\Me\AppData\Roaming\npm\node_modules\firebase-tools\lib\apiv2.js:96:20)
    at async Object.getFirebaseProject (C:\Users\Me\AppData\Roaming\npm\node_modules\firebase-tools\lib\management\projects.js:290:21)
    at async Object.doSetup [as project] (C:\Users\Me\AppData\Roaming\npm\node_modules\firebase-tools\lib\init\features\project.js:84:27)
    at async init (C:\Users\Me\AppData\Roaming\npm\node_modules\firebase-tools\lib\init\index.js:19:9)
[error] 
[error] Error: Failed to get Firebase project hosting. Please make sure the project exists and your account has permission to access it.
